<?xml version="1.0" encoding="UTF-8"?>
<!-- Generated by org.testng.reporters.JUnitXMLReporter -->
<testsuite ignored="0" hostname="Sams-MacBook-Pro.local" failures="0" tests="4" name="Default test" time="120.362" errors="0" timestamp="2025-04-22T09:32:53 PKT">
  <testcase classname="samautomation.tests.SubmitOrderTest" name="submitOrder" time="22.321"/>
  <testcase classname="samautomation.tests.SubmitOrderTest" name="submitOrder" time="21.593"/>
  <testcase classname="samautomation.tests.SubmitOrderTest" name="OrderHistoryTest" time="9.526"/>
  <testcase classname="samautomation.tests.SubmitOrderTest" name="OrderHistoryTest" time="9.961"/>
</testsuite> <!-- Default test -->
