<?xml version="1.0" encoding="UTF-8"?>
<!-- Generated by org.testng.reporters.JUnitXMLReporter -->
<testsuite ignored="0" hostname="Sams-MacBook-Pro.local" failures="0" tests="4" name="Submit Order Test" time="136.087" errors="0" timestamp="2025-04-22T23:12:09 PKT">
  <testcase classname="samautomation.tests.SubmitOrderTest" name="submitOrder" time="23.945"/>
  <testcase classname="samautomation.tests.SubmitOrderTest" name="submitOrder" time="24.407"/>
  <testcase classname="samautomation.tests.SubmitOrderTest" name="OrderHistoryTest" time="10.177"/>
  <testcase classname="samautomation.tests.SubmitOrderTest" name="OrderHistoryTest" time="12.099"/>
</testsuite> <!-- Submit Order Test -->
