<?xml version="1.0" encoding="UTF-8"?>
<!-- Generated by org.testng.reporters.JUnitXMLReporter -->
<testsuite ignored="1" hostname="Sams-MacBook-Pro.local" failures="0" tests="2" name="Submit Order Test" time="16.88" errors="0" timestamp="2025-04-23T21:43:27 PKT">
  <testcase classname="samautomation.tests.SubmitOrderTest" name="submitOrder" time="4.169"/>
  <testcase classname="samautomation.tests.SubmitOrderTest" name="submitOrder" time="3.92"/>
  <testcase classname="samautomation.tests.SubmitOrderTest" name="OrderHistoryTest" time="0.0">
    <ignored/>
  </testcase> <!-- OrderHistoryTest -->
</testsuite> <!-- Submit Order Test -->
